<?xml version="1.0" encoding="UTF-8" ?>

<testsuite failures="0" time="0.363" errors="0" skipped="0" tests="6" name="BasicTest">
  <testcase classname="BasicTest" name="useTheCommentsRelation" time="0.053">
      </testcase>
  <testcase classname="BasicTest" name="postComments" time="0.014">
      </testcase>
  <testcase classname="BasicTest" name="tryConnectAsUser" time="0.011">
      </testcase>
  <testcase classname="BasicTest" name="fullTest" time="0.265">
      </testcase>
  <testcase classname="BasicTest" name="createPost" time="0.012">
      </testcase>
  <testcase classname="BasicTest" name="createAndRetrieveUser" time="0.008">
      </testcase>
</testsuite>